{"C:\\Users\\fnigl\\Documents\\Proyectos\\Meli\\ApiCovid\\covid-backend\\controllers\\covid.js":{"path":"C:\\Users\\fnigl\\Documents\\Proyectos\\Meli\\ApiCovid\\covid-backend\\controllers\\covid.js","statementMap":{"0":{"start":{"line":1,"column":19},"end":{"line":1,"column":36}},"1":{"start":{"line":2,"column":17},"end":{"line":2,"column":53}},"2":{"start":{"line":3,"column":18},"end":{"line":3,"column":45}},"3":{"start":{"line":4,"column":12},"end":{"line":4,"column":31}},"4":{"start":{"line":6,"column":19},"end":{"line":6,"column":47}},"5":{"start":{"line":9,"column":0},"end":{"line":9,"column":31}},"6":{"start":{"line":10,"column":0},"end":{"line":10,"column":35}},"7":{"start":{"line":11,"column":0},"end":{"line":11,"column":31}},"8":{"start":{"line":12,"column":0},"end":{"line":12,"column":31}},"9":{"start":{"line":13,"column":0},"end":{"line":13,"column":27}},"10":{"start":{"line":17,"column":0},"end":{"line":17,"column":65}},"11":{"start":{"line":18,"column":0},"end":{"line":18,"column":49}},"12":{"start":{"line":19,"column":0},"end":{"line":19,"column":53}},"13":{"start":{"line":20,"column":0},"end":{"line":20,"column":61}},"14":{"start":{"line":25,"column":4},"end":{"line":45,"column":7}},"15":{"start":{"line":26,"column":8},"end":{"line":27,"column":29}},"16":{"start":{"line":27,"column":12},"end":{"line":27,"column":29}},"17":{"start":{"line":29,"column":12},"end":{"line":43,"column":19}},"18":{"start":{"line":30,"column":16},"end":{"line":31,"column":37}},"19":{"start":{"line":31,"column":20},"end":{"line":31,"column":37}},"20":{"start":{"line":32,"column":20},"end":{"line":42,"column":23}},"21":{"start":{"line":33,"column":24},"end":{"line":34,"column":45}},"22":{"start":{"line":34,"column":28},"end":{"line":34,"column":45}},"23":{"start":{"line":37,"column":24},"end":{"line":41,"column":27}},"24":{"start":{"line":52,"column":8},"end":{"line":52,"column":43}},"25":{"start":{"line":59,"column":4},"end":{"line":65,"column":7}},"26":{"start":{"line":60,"column":8},"end":{"line":61,"column":29}},"27":{"start":{"line":61,"column":12},"end":{"line":61,"column":29}},"28":{"start":{"line":63,"column":8},"end":{"line":63,"column":40}},"29":{"start":{"line":64,"column":8},"end":{"line":64,"column":34}},"30":{"start":{"line":78,"column":4},"end":{"line":90,"column":9}},"31":{"start":{"line":80,"column":12},"end":{"line":80,"column":55}},"32":{"start":{"line":81,"column":12},"end":{"line":83,"column":15}},"33":{"start":{"line":82,"column":16},"end":{"line":82,"column":39}},"34":{"start":{"line":84,"column":12},"end":{"line":84,"column":43}},"35":{"start":{"line":85,"column":8},"end":{"line":85,"column":14}},"36":{"start":{"line":87,"column":12},"end":{"line":87,"column":55}},"37":{"start":{"line":88,"column":12},"end":{"line":88,"column":44}},"38":{"start":{"line":89,"column":8},"end":{"line":89,"column":14}},"39":{"start":{"line":91,"column":8},"end":{"line":97,"column":11}},"40":{"start":{"line":92,"column":12},"end":{"line":93,"column":33}},"41":{"start":{"line":93,"column":16},"end":{"line":93,"column":33}},"42":{"start":{"line":95,"column":12},"end":{"line":95,"column":44}},"43":{"start":{"line":96,"column":12},"end":{"line":96,"column":38}},"44":{"start":{"line":109,"column":17},"end":{"line":109,"column":21}},"45":{"start":{"line":110,"column":4},"end":{"line":119,"column":5}},"46":{"start":{"line":111,"column":6},"end":{"line":111,"column":21}},"47":{"start":{"line":114,"column":6},"end":{"line":118,"column":9}},"48":{"start":{"line":115,"column":10},"end":{"line":117,"column":11}},"49":{"start":{"line":116,"column":12},"end":{"line":116,"column":27}},"50":{"start":{"line":120,"column":4},"end":{"line":120,"column":18}},"51":{"start":{"line":128,"column":4},"end":{"line":128,"column":35}},"52":{"start":{"line":129,"column":18},"end":{"line":129,"column":22}},"53":{"start":{"line":130,"column":4},"end":{"line":138,"column":7}},"54":{"start":{"line":131,"column":8},"end":{"line":135,"column":11}},"55":{"start":{"line":132,"column":12},"end":{"line":134,"column":13}},"56":{"start":{"line":133,"column":16},"end":{"line":133,"column":32}},"57":{"start":{"line":139,"column":4},"end":{"line":139,"column":19}},"58":{"start":{"line":145,"column":18},"end":{"line":145,"column":26}},"59":{"start":{"line":147,"column":4},"end":{"line":182,"column":5}},"60":{"start":{"line":148,"column":8},"end":{"line":176,"column":9}},"61":{"start":{"line":149,"column":27},"end":{"line":149,"column":38}},"62":{"start":{"line":151,"column":32},"end":{"line":151,"column":63}},"63":{"start":{"line":153,"column":12},"end":{"line":163,"column":13}},"64":{"start":{"line":154,"column":16},"end":{"line":154,"column":48}},"65":{"start":{"line":157,"column":17},"end":{"line":163,"column":13}},"66":{"start":{"line":158,"column":16},"end":{"line":158,"column":45}},"67":{"start":{"line":161,"column":16},"end":{"line":161,"column":52}},"68":{"start":{"line":164,"column":12},"end":{"line":164,"column":36}},"69":{"start":{"line":165,"column":12},"end":{"line":170,"column":15}},"70":{"start":{"line":166,"column":16},"end":{"line":167,"column":37}},"71":{"start":{"line":167,"column":20},"end":{"line":167,"column":37}},"72":{"start":{"line":169,"column":16},"end":{"line":169,"column":50}},"73":{"start":{"line":173,"column":12},"end":{"line":173,"column":83}},"74":{"start":{"line":181,"column":8},"end":{"line":181,"column":76}},"75":{"start":{"line":192,"column":4},"end":{"line":192,"column":26}},"76":{"start":{"line":194,"column":4},"end":{"line":198,"column":6}},"77":{"start":{"line":195,"column":8},"end":{"line":195,"column":34}},"78":{"start":{"line":201,"column":4},"end":{"line":206,"column":7}},"79":{"start":{"line":202,"column":30},"end":{"line":202,"column":68}},"80":{"start":{"line":203,"column":8},"end":{"line":205,"column":9}},"81":{"start":{"line":204,"column":12},"end":{"line":204,"column":33}},"82":{"start":{"line":209,"column":4},"end":{"line":209,"column":84}},"83":{"start":{"line":209,"column":48},"end":{"line":209,"column":82}},"84":{"start":{"line":209,"column":68},"end":{"line":209,"column":81}},"85":{"start":{"line":213,"column":4},"end":{"line":218,"column":7}},"86":{"start":{"line":214,"column":30},"end":{"line":214,"column":68}},"87":{"start":{"line":215,"column":8},"end":{"line":217,"column":9}},"88":{"start":{"line":216,"column":12},"end":{"line":216,"column":33}},"89":{"start":{"line":221,"column":4},"end":{"line":221,"column":29}},"90":{"start":{"line":227,"column":21},"end":{"line":231,"column":4}},"91":{"start":{"line":228,"column":4},"end":{"line":230,"column":6}},"92":{"start":{"line":228,"column":21},"end":{"line":228,"column":22}},"93":{"start":{"line":229,"column":8},"end":{"line":229,"column":37}},"94":{"start":{"line":239,"column":19},"end":{"line":239,"column":20}},"95":{"start":{"line":240,"column":22},"end":{"line":240,"column":26}},"96":{"start":{"line":241,"column":4},"end":{"line":252,"column":7}},"97":{"start":{"line":242,"column":8},"end":{"line":249,"column":9}},"98":{"start":{"line":243,"column":12},"end":{"line":248,"column":13}},"99":{"start":{"line":244,"column":16},"end":{"line":244,"column":28}},"100":{"start":{"line":247,"column":16},"end":{"line":247,"column":29}},"101":{"start":{"line":250,"column":8},"end":{"line":250,"column":30}},"102":{"start":{"line":253,"column":4},"end":{"line":258,"column":5}},"103":{"start":{"line":254,"column":8},"end":{"line":254,"column":20}},"104":{"start":{"line":257,"column":8},"end":{"line":257,"column":21}}},"fnMap":{"0":{"name":"getStats","decl":{"start":{"line":24,"column":9},"end":{"line":24,"column":17}},"loc":{"start":{"line":24,"column":34},"end":{"line":46,"column":1}},"line":24},"1":{"name":"(anonymous_1)","decl":{"start":{"line":25,"column":49},"end":{"line":25,"column":50}},"loc":{"start":{"line":25,"column":80},"end":{"line":45,"column":5}},"line":25},"2":{"name":"(anonymous_2)","decl":{"start":{"line":29,"column":54},"end":{"line":29,"column":55}},"loc":{"start":{"line":29,"column":84},"end":{"line":43,"column":17}},"line":29},"3":{"name":"(anonymous_3)","decl":{"start":{"line":32,"column":69},"end":{"line":32,"column":70}},"loc":{"start":{"line":32,"column":97},"end":{"line":42,"column":21}},"line":32},"4":{"name":"test","decl":{"start":{"line":51,"column":9},"end":{"line":51,"column":13}},"loc":{"start":{"line":51,"column":30},"end":{"line":53,"column":1}},"line":51},"5":{"name":"getAll","decl":{"start":{"line":58,"column":9},"end":{"line":58,"column":15}},"loc":{"start":{"line":58,"column":32},"end":{"line":66,"column":1}},"line":58},"6":{"name":"(anonymous_6)","decl":{"start":{"line":59,"column":24},"end":{"line":59,"column":25}},"loc":{"start":{"line":59,"column":48},"end":{"line":65,"column":5}},"line":59},"7":{"name":"search","decl":{"start":{"line":74,"column":9},"end":{"line":74,"column":15}},"loc":{"start":{"line":74,"column":32},"end":{"line":103,"column":1}},"line":74},"8":{"name":"(anonymous_8)","decl":{"start":{"line":81,"column":44},"end":{"line":81,"column":45}},"loc":{"start":{"line":81,"column":59},"end":{"line":83,"column":13}},"line":81},"9":{"name":"(anonymous_9)","decl":{"start":{"line":91,"column":53},"end":{"line":91,"column":54}},"loc":{"start":{"line":91,"column":77},"end":{"line":97,"column":9}},"line":91},"10":{"name":"validateDnaFormat","decl":{"start":{"line":108,"column":9},"end":{"line":108,"column":26}},"loc":{"start":{"line":108,"column":36},"end":{"line":122,"column":3}},"line":108},"11":{"name":"(anonymous_11)","decl":{"start":{"line":114,"column":23},"end":{"line":114,"column":24}},"loc":{"start":{"line":114,"column":34},"end":{"line":118,"column":7}},"line":114},"12":{"name":"validateDnaCharacters","decl":{"start":{"line":127,"column":17},"end":{"line":127,"column":38}},"loc":{"start":{"line":127,"column":48},"end":{"line":140,"column":3}},"line":127},"13":{"name":"(anonymous_13)","decl":{"start":{"line":130,"column":32},"end":{"line":130,"column":33}},"loc":{"start":{"line":130,"column":58},"end":{"line":138,"column":5}},"line":130},"14":{"name":"(anonymous_14)","decl":{"start":{"line":131,"column":50},"end":{"line":131,"column":51}},"loc":{"start":{"line":131,"column":73},"end":{"line":135,"column":9}},"line":131},"15":{"name":"insert","decl":{"start":{"line":144,"column":15},"end":{"line":144,"column":21}},"loc":{"start":{"line":144,"column":38},"end":{"line":186,"column":1}},"line":144},"16":{"name":"(anonymous_16)","decl":{"start":{"line":165,"column":41},"end":{"line":165,"column":42}},"loc":{"start":{"line":165,"column":63},"end":{"line":170,"column":13}},"line":165},"17":{"name":"contarCuartetos","decl":{"start":{"line":191,"column":16},"end":{"line":191,"column":31}},"loc":{"start":{"line":191,"column":41},"end":{"line":224,"column":1}},"line":191},"18":{"name":"(anonymous_18)","decl":{"start":{"line":194,"column":28},"end":{"line":194,"column":29}},"loc":{"start":{"line":194,"column":46},"end":{"line":196,"column":9}},"line":194},"19":{"name":"(anonymous_19)","decl":{"start":{"line":201,"column":32},"end":{"line":201,"column":33}},"loc":{"start":{"line":201,"column":55},"end":{"line":206,"column":5}},"line":201},"20":{"name":"(anonymous_20)","decl":{"start":{"line":209,"column":31},"end":{"line":209,"column":32}},"loc":{"start":{"line":209,"column":48},"end":{"line":209,"column":82}},"line":209},"21":{"name":"(anonymous_21)","decl":{"start":{"line":209,"column":61},"end":{"line":209,"column":62}},"loc":{"start":{"line":209,"column":68},"end":{"line":209,"column":81}},"line":209},"22":{"name":"(anonymous_22)","decl":{"start":{"line":213,"column":32},"end":{"line":213,"column":33}},"loc":{"start":{"line":213,"column":55},"end":{"line":218,"column":5}},"line":213},"23":{"name":"(anonymous_23)","decl":{"start":{"line":227,"column":21},"end":{"line":227,"column":22}},"loc":{"start":{"line":227,"column":48},"end":{"line":231,"column":4}},"line":227},"24":{"name":"tieneCuartetoHorizontal","decl":{"start":{"line":238,"column":17},"end":{"line":238,"column":40}},"loc":{"start":{"line":238,"column":50},"end":{"line":260,"column":1}},"line":238},"25":{"name":"(anonymous_25)","decl":{"start":{"line":241,"column":32},"end":{"line":241,"column":33}},"loc":{"start":{"line":241,"column":55},"end":{"line":252,"column":5}},"line":241}},"branchMap":{"0":{"loc":{"start":{"line":26,"column":8},"end":{"line":27,"column":29}},"type":"if","locations":[{"start":{"line":26,"column":8},"end":{"line":27,"column":29}},{"start":{"line":26,"column":8},"end":{"line":27,"column":29}}],"line":26},"1":{"loc":{"start":{"line":30,"column":16},"end":{"line":31,"column":37}},"type":"if","locations":[{"start":{"line":30,"column":16},"end":{"line":31,"column":37}},{"start":{"line":30,"column":16},"end":{"line":31,"column":37}}],"line":30},"2":{"loc":{"start":{"line":33,"column":24},"end":{"line":34,"column":45}},"type":"if","locations":[{"start":{"line":33,"column":24},"end":{"line":34,"column":45}},{"start":{"line":33,"column":24},"end":{"line":34,"column":45}}],"line":33},"3":{"loc":{"start":{"line":60,"column":8},"end":{"line":61,"column":29}},"type":"if","locations":[{"start":{"line":60,"column":8},"end":{"line":61,"column":29}},{"start":{"line":60,"column":8},"end":{"line":61,"column":29}}],"line":60},"4":{"loc":{"start":{"line":78,"column":4},"end":{"line":90,"column":9}},"type":"switch","locations":[{"start":{"line":79,"column":8},"end":{"line":85,"column":14}},{"start":{"line":86,"column":8},"end":{"line":89,"column":14}}],"line":78},"5":{"loc":{"start":{"line":92,"column":12},"end":{"line":93,"column":33}},"type":"if","locations":[{"start":{"line":92,"column":12},"end":{"line":93,"column":33}},{"start":{"line":92,"column":12},"end":{"line":93,"column":33}}],"line":92},"6":{"loc":{"start":{"line":110,"column":4},"end":{"line":119,"column":5}},"type":"if","locations":[{"start":{"line":110,"column":4},"end":{"line":119,"column":5}},{"start":{"line":110,"column":4},"end":{"line":119,"column":5}}],"line":110},"7":{"loc":{"start":{"line":110,"column":7},"end":{"line":110,"column":40}},"type":"binary-expr","locations":[{"start":{"line":110,"column":7},"end":{"line":110,"column":16}},{"start":{"line":110,"column":20},"end":{"line":110,"column":40}}],"line":110},"8":{"loc":{"start":{"line":115,"column":10},"end":{"line":117,"column":11}},"type":"if","locations":[{"start":{"line":115,"column":10},"end":{"line":117,"column":11}},{"start":{"line":115,"column":10},"end":{"line":117,"column":11}}],"line":115},"9":{"loc":{"start":{"line":132,"column":12},"end":{"line":134,"column":13}},"type":"if","locations":[{"start":{"line":132,"column":12},"end":{"line":134,"column":13}},{"start":{"line":132,"column":12},"end":{"line":134,"column":13}}],"line":132},"10":{"loc":{"start":{"line":147,"column":4},"end":{"line":182,"column":5}},"type":"if","locations":[{"start":{"line":147,"column":4},"end":{"line":182,"column":5}},{"start":{"line":147,"column":4},"end":{"line":182,"column":5}}],"line":147},"11":{"loc":{"start":{"line":148,"column":8},"end":{"line":176,"column":9}},"type":"if","locations":[{"start":{"line":148,"column":8},"end":{"line":176,"column":9}},{"start":{"line":148,"column":8},"end":{"line":176,"column":9}}],"line":148},"12":{"loc":{"start":{"line":153,"column":12},"end":{"line":163,"column":13}},"type":"if","locations":[{"start":{"line":153,"column":12},"end":{"line":163,"column":13}},{"start":{"line":153,"column":12},"end":{"line":163,"column":13}}],"line":153},"13":{"loc":{"start":{"line":157,"column":17},"end":{"line":163,"column":13}},"type":"if","locations":[{"start":{"line":157,"column":17},"end":{"line":163,"column":13}},{"start":{"line":157,"column":17},"end":{"line":163,"column":13}}],"line":157},"14":{"loc":{"start":{"line":157,"column":20},"end":{"line":157,"column":59}},"type":"binary-expr","locations":[{"start":{"line":157,"column":20},"end":{"line":157,"column":38}},{"start":{"line":157,"column":42},"end":{"line":157,"column":59}}],"line":157},"15":{"loc":{"start":{"line":166,"column":16},"end":{"line":167,"column":37}},"type":"if","locations":[{"start":{"line":166,"column":16},"end":{"line":167,"column":37}},{"start":{"line":166,"column":16},"end":{"line":167,"column":37}}],"line":166},"16":{"loc":{"start":{"line":203,"column":8},"end":{"line":205,"column":9}},"type":"if","locations":[{"start":{"line":203,"column":8},"end":{"line":205,"column":9}},{"start":{"line":203,"column":8},"end":{"line":205,"column":9}}],"line":203},"17":{"loc":{"start":{"line":215,"column":8},"end":{"line":217,"column":9}},"type":"if","locations":[{"start":{"line":215,"column":8},"end":{"line":217,"column":9}},{"start":{"line":215,"column":8},"end":{"line":217,"column":9}}],"line":215},"18":{"loc":{"start":{"line":242,"column":8},"end":{"line":249,"column":9}},"type":"if","locations":[{"start":{"line":242,"column":8},"end":{"line":249,"column":9}},{"start":{"line":242,"column":8},"end":{"line":249,"column":9}}],"line":242},"19":{"loc":{"start":{"line":243,"column":12},"end":{"line":248,"column":13}},"type":"if","locations":[{"start":{"line":243,"column":12},"end":{"line":248,"column":13}},{"start":{"line":243,"column":12},"end":{"line":248,"column":13}}],"line":243},"20":{"loc":{"start":{"line":253,"column":4},"end":{"line":258,"column":5}},"type":"if","locations":[{"start":{"line":253,"column":4},"end":{"line":258,"column":5}},{"start":{"line":253,"column":4},"end":{"line":258,"column":5}}],"line":253}},"s":{"0":1,"1":1,"2":1,"3":1,"4":1,"5":1,"6":1,"7":1,"8":1,"9":1,"10":1,"11":1,"12":1,"13":1,"14":0,"15":0,"16":0,"17":0,"18":0,"19":0,"20":0,"21":0,"22":0,"23":0,"24":0,"25":0,"26":0,"27":0,"28":0,"29":0,"30":0,"31":0,"32":0,"33":0,"34":0,"35":0,"36":0,"37":0,"38":0,"39":0,"40":0,"41":0,"42":0,"43":0,"44":4,"45":4,"46":0,"47":4,"48":10,"49":4,"50":4,"51":4,"52":4,"53":4,"54":10,"55":23,"56":2,"57":4,"58":0,"59":0,"60":0,"61":0,"62":0,"63":0,"64":0,"65":0,"66":0,"67":0,"68":0,"69":0,"70":0,"71":0,"72":0,"73":0,"74":0,"75":8,"76":8,"77":48,"78":8,"79":48,"80":48,"81":8,"82":8,"83":32,"84":192,"85":8,"86":32,"87":32,"88":10,"89":8,"90":1,"91":116,"92":116,"93":523,"94":86,"95":86,"96":86,"97":410,"98":378,"99":113,"100":265,"101":410,"102":86,"103":21,"104":65},"f":{"0":0,"1":0,"2":0,"3":0,"4":0,"5":0,"6":0,"7":0,"8":0,"9":0,"10":4,"11":10,"12":4,"13":10,"14":23,"15":0,"16":0,"17":8,"18":48,"19":48,"20":32,"21":192,"22":32,"23":116,"24":86,"25":410},"b":{"0":[0,0],"1":[0,0],"2":[0,0],"3":[0,0],"4":[0,0],"5":[0,0],"6":[0,4],"7":[4,4],"8":[4,6],"9":[2,21],"10":[0,0],"11":[0,0],"12":[0,0],"13":[0,0],"14":[0,0],"15":[0,0],"16":[8,40],"17":[10,22],"18":[378,32],"19":[113,265],"20":[21,65]},"_coverageSchema":"1a1c01bbd47fc00a2c39e90264f33305004495a9","hash":"2169d40b6e300abb8f7509a76dbc3be8b819398f","contentHash":"f2d4257be8772586f7995b2f711158a7ed1e076a4a5b09583fe7374de49a1050"},"C:\\Users\\fnigl\\Documents\\Proyectos\\Meli\\ApiCovid\\covid-backend\\enums\\resultadoEstudio.js":{"path":"C:\\Users\\fnigl\\Documents\\Proyectos\\Meli\\ApiCovid\\covid-backend\\enums\\resultadoEstudio.js","statementMap":{"0":{"start":{"line":1,"column":25},"end":{"line":5,"column":1}},"1":{"start":{"line":7,"column":0},"end":{"line":7,"column":34}}},"fnMap":{},"branchMap":{},"s":{"0":1,"1":1},"f":{},"b":{},"_coverageSchema":"1a1c01bbd47fc00a2c39e90264f33305004495a9","hash":"37f92605fac0dfb1f98fe52150c0b63eae3ccb09","contentHash":"3b3bd577cb102bf607998208d1beb6a990837b94db5446cc17e544deace711b5"},"C:\\Users\\fnigl\\Documents\\Proyectos\\Meli\\ApiCovid\\covid-backend\\enums\\filters.js":{"path":"C:\\Users\\fnigl\\Documents\\Proyectos\\Meli\\ApiCovid\\covid-backend\\enums\\filters.js","statementMap":{"0":{"start":{"line":1,"column":16},"end":{"line":4,"column":1}},"1":{"start":{"line":6,"column":0},"end":{"line":6,"column":25}}},"fnMap":{},"branchMap":{},"s":{"0":1,"1":1},"f":{},"b":{},"_coverageSchema":"1a1c01bbd47fc00a2c39e90264f33305004495a9","hash":"cf09870f6f7bbfe1d4ec47100a4f9f3334ce58ac","contentHash":"03753bd3d6ed4bfcf86f72b615128bf2b84bb77854b9af8ee243a038303ddf6b"},"C:\\Users\\fnigl\\Documents\\Proyectos\\Meli\\ApiCovid\\covid-backend\\services\\study.js":{"path":"C:\\Users\\fnigl\\Documents\\Proyectos\\Meli\\ApiCovid\\covid-backend\\services\\study.js","statementMap":{"0":{"start":{"line":1,"column":12},"end":{"line":1,"column":31}},"1":{"start":{"line":2,"column":17},"end":{"line":2,"column":43}},"2":{"start":{"line":3,"column":18},"end":{"line":3,"column":45}},"3":{"start":{"line":4,"column":20},"end":{"line":4,"column":37}},"4":{"start":{"line":5,"column":13},"end":{"line":5,"column":59}},"5":{"start":{"line":7,"column":0},"end":{"line":7,"column":31}},"6":{"start":{"line":8,"column":0},"end":{"line":8,"column":31}},"7":{"start":{"line":9,"column":0},"end":{"line":9,"column":35}},"8":{"start":{"line":10,"column":0},"end":{"line":10,"column":35}},"9":{"start":{"line":16,"column":4},"end":{"line":27,"column":7}},"10":{"start":{"line":17,"column":8},"end":{"line":24,"column":9}},"11":{"start":{"line":18,"column":12},"end":{"line":19,"column":117}},"12":{"start":{"line":19,"column":16},"end":{"line":19,"column":117}},"13":{"start":{"line":20,"column":12},"end":{"line":21,"column":104}},"14":{"start":{"line":21,"column":16},"end":{"line":21,"column":104}},"15":{"start":{"line":23,"column":12},"end":{"line":23,"column":145}},"16":{"start":{"line":26,"column":8},"end":{"line":26,"column":38}},"17":{"start":{"line":32,"column":8},"end":{"line":37,"column":11}},"18":{"start":{"line":33,"column":12},"end":{"line":35,"column":13}},"19":{"start":{"line":34,"column":16},"end":{"line":34,"column":147}},"20":{"start":{"line":36,"column":12},"end":{"line":36,"column":42}},"21":{"start":{"line":40,"column":18},"end":{"line":40,"column":20}},"22":{"start":{"line":41,"column":8},"end":{"line":41,"column":38}},"23":{"start":{"line":42,"column":8},"end":{"line":47,"column":11}},"24":{"start":{"line":43,"column":12},"end":{"line":45,"column":13}},"25":{"start":{"line":44,"column":16},"end":{"line":44,"column":147}},"26":{"start":{"line":46,"column":12},"end":{"line":46,"column":42}},"27":{"start":{"line":52,"column":8},"end":{"line":57,"column":11}},"28":{"start":{"line":53,"column":12},"end":{"line":55,"column":13}},"29":{"start":{"line":54,"column":16},"end":{"line":54,"column":147}},"30":{"start":{"line":56,"column":12},"end":{"line":56,"column":42}}},"fnMap":{"0":{"name":"insert","decl":{"start":{"line":15,"column":9},"end":{"line":15,"column":15}},"loc":{"start":{"line":15,"column":33},"end":{"line":29,"column":5}},"line":15},"1":{"name":"(anonymous_1)","decl":{"start":{"line":16,"column":29},"end":{"line":16,"column":30}},"loc":{"start":{"line":16,"column":52},"end":{"line":27,"column":5}},"line":16},"2":{"name":"getStats","decl":{"start":{"line":31,"column":13},"end":{"line":31,"column":21}},"loc":{"start":{"line":31,"column":44},"end":{"line":38,"column":5}},"line":31},"3":{"name":"(anonymous_3)","decl":{"start":{"line":32,"column":57},"end":{"line":32,"column":58}},"loc":{"start":{"line":32,"column":80},"end":{"line":37,"column":9}},"line":32},"4":{"name":"getByKey","decl":{"start":{"line":39,"column":13},"end":{"line":39,"column":21}},"loc":{"start":{"line":39,"column":55},"end":{"line":49,"column":5}},"line":39},"5":{"name":"(anonymous_5)","decl":{"start":{"line":42,"column":34},"end":{"line":42,"column":35}},"loc":{"start":{"line":42,"column":57},"end":{"line":47,"column":9}},"line":42},"6":{"name":"getAll","decl":{"start":{"line":51,"column":13},"end":{"line":51,"column":19}},"loc":{"start":{"line":51,"column":30},"end":{"line":59,"column":5}},"line":51},"7":{"name":"(anonymous_7)","decl":{"start":{"line":52,"column":31},"end":{"line":52,"column":32}},"loc":{"start":{"line":52,"column":54},"end":{"line":57,"column":9}},"line":52}},"branchMap":{"0":{"loc":{"start":{"line":17,"column":8},"end":{"line":24,"column":9}},"type":"if","locations":[{"start":{"line":17,"column":8},"end":{"line":24,"column":9}},{"start":{"line":17,"column":8},"end":{"line":24,"column":9}}],"line":17},"1":{"loc":{"start":{"line":18,"column":12},"end":{"line":19,"column":117}},"type":"if","locations":[{"start":{"line":18,"column":12},"end":{"line":19,"column":117}},{"start":{"line":18,"column":12},"end":{"line":19,"column":117}}],"line":18},"2":{"loc":{"start":{"line":18,"column":16},"end":{"line":18,"column":63}},"type":"binary-expr","locations":[{"start":{"line":18,"column":16},"end":{"line":18,"column":41}},{"start":{"line":18,"column":45},"end":{"line":18,"column":63}}],"line":18},"3":{"loc":{"start":{"line":20,"column":12},"end":{"line":21,"column":104}},"type":"if","locations":[{"start":{"line":20,"column":12},"end":{"line":21,"column":104}},{"start":{"line":20,"column":12},"end":{"line":21,"column":104}}],"line":20},"4":{"loc":{"start":{"line":33,"column":12},"end":{"line":35,"column":13}},"type":"if","locations":[{"start":{"line":33,"column":12},"end":{"line":35,"column":13}},{"start":{"line":33,"column":12},"end":{"line":35,"column":13}}],"line":33},"5":{"loc":{"start":{"line":43,"column":12},"end":{"line":45,"column":13}},"type":"if","locations":[{"start":{"line":43,"column":12},"end":{"line":45,"column":13}},{"start":{"line":43,"column":12},"end":{"line":45,"column":13}}],"line":43},"6":{"loc":{"start":{"line":53,"column":12},"end":{"line":55,"column":13}},"type":"if","locations":[{"start":{"line":53,"column":12},"end":{"line":55,"column":13}},{"start":{"line":53,"column":12},"end":{"line":55,"column":13}}],"line":53}},"s":{"0":1,"1":1,"2":1,"3":1,"4":1,"5":1,"6":1,"7":1,"8":1,"9":0,"10":0,"11":0,"12":0,"13":0,"14":0,"15":0,"16":0,"17":2,"18":0,"19":0,"20":0,"21":0,"22":0,"23":0,"24":0,"25":0,"26":0,"27":0,"28":0,"29":0,"30":0},"f":{"0":0,"1":0,"2":2,"3":0,"4":0,"5":0,"6":0,"7":0},"b":{"0":[0,0],"1":[0,0],"2":[0,0],"3":[0,0],"4":[0,0],"5":[0,0],"6":[0,0]},"_coverageSchema":"1a1c01bbd47fc00a2c39e90264f33305004495a9","hash":"6985b72ebad7a5d33d14543aadd4fd665efa18c0","contentHash":"2f6a9f3be70ffd584063b01560ead235cfe4eef724cd641492ba9032155086fa"},"C:\\Users\\fnigl\\Documents\\Proyectos\\Meli\\ApiCovid\\covid-backend\\models\\study.js":{"path":"C:\\Users\\fnigl\\Documents\\Proyectos\\Meli\\ApiCovid\\covid-backend\\models\\study.js","statementMap":{"0":{"start":{"line":1,"column":15},"end":{"line":1,"column":34}},"1":{"start":{"line":3,"column":13},"end":{"line":3,"column":28}},"2":{"start":{"line":5,"column":18},"end":{"line":13,"column":2}},"3":{"start":{"line":16,"column":0},"end":{"line":16,"column":54}}},"fnMap":{},"branchMap":{},"s":{"0":1,"1":1,"2":1,"3":1},"f":{},"b":{},"_coverageSchema":"1a1c01bbd47fc00a2c39e90264f33305004495a9","hash":"7cf00f2672b385f35af87f746c01a08e257035bf","contentHash":"bc3fdac956c1761498eba5b15efe82422c76fd04680968decbc50a0cac629bc8"},"C:\\Users\\fnigl\\Documents\\Proyectos\\Meli\\ApiCovid\\covid-backend\\helpers\\error.js":{"path":"C:\\Users\\fnigl\\Documents\\Proyectos\\Meli\\ApiCovid\\covid-backend\\helpers\\error.js","statementMap":{"0":{"start":{"line":1,"column":0},"end":{"line":1,"column":41}},"1":{"start":{"line":4,"column":4},"end":{"line":6,"column":5}},"2":{"start":{"line":5,"column":8},"end":{"line":5,"column":24}},"3":{"start":{"line":8,"column":4},"end":{"line":8,"column":30}},"4":{"start":{"line":9,"column":4},"end":{"line":9,"column":15}}},"fnMap":{"0":{"name":"handleError","decl":{"start":{"line":3,"column":9},"end":{"line":3,"column":20}},"loc":{"start":{"line":3,"column":36},"end":{"line":10,"column":1}},"line":3}},"branchMap":{"0":{"loc":{"start":{"line":4,"column":4},"end":{"line":6,"column":5}},"type":"if","locations":[{"start":{"line":4,"column":4},"end":{"line":6,"column":5}},{"start":{"line":4,"column":4},"end":{"line":6,"column":5}}],"line":4}},"s":{"0":1,"1":0,"2":0,"3":0,"4":0},"f":{"0":0},"b":{"0":[0,0]},"_coverageSchema":"1a1c01bbd47fc00a2c39e90264f33305004495a9","hash":"fed548d9a9a29c7990e7ce944100bed0e1fe427b","contentHash":"1f3de148ea2c424e9e558628d6d72353935effd46b3ab8d40d1c10c875aaf334"},"C:\\Users\\fnigl\\Documents\\Proyectos\\Meli\\ApiCovid\\covid-backend\\config.js":{"path":"C:\\Users\\fnigl\\Documents\\Proyectos\\Meli\\ApiCovid\\covid-backend\\config.js","statementMap":{"0":{"start":{"line":1,"column":13},"end":{"line":21,"column":1}},"1":{"start":{"line":23,"column":0},"end":{"line":25,"column":1}},"2":{"start":{"line":24,"column":4},"end":{"line":24,"column":37}}},"fnMap":{"0":{"name":"get","decl":{"start":{"line":23,"column":23},"end":{"line":23,"column":26}},"loc":{"start":{"line":23,"column":32},"end":{"line":25,"column":1}},"line":23}},"branchMap":{"0":{"loc":{"start":{"line":24,"column":11},"end":{"line":24,"column":36}},"type":"binary-expr","locations":[{"start":{"line":24,"column":11},"end":{"line":24,"column":22}},{"start":{"line":24,"column":26},"end":{"line":24,"column":36}}],"line":24}},"s":{"0":1,"1":1,"2":1},"f":{"0":1},"b":{"0":[1,1]},"_coverageSchema":"1a1c01bbd47fc00a2c39e90264f33305004495a9","hash":"c57120e54b209461408e885ab0a8e5e5249c5dc6","contentHash":"ed456482f04e88f67a01037ec6a81153ede7487dda062a4cc814577b185919bb"}}